2026-03-31 16:53:05.728 INFO  (main) [] o.e.j.s.Server jetty-12.0.27; built: 2025-09-10T23:47:49.595Z; git: 3569a3e83ad136ee44e26b370b74c1c5e9f33e61; jvm 25.0.2+10-LTS
2026-03-31 16:53:06.063 INFO  (main) [] o.e.j.e.w.StandardDescriptorProcessor NO JSP Support for /solr, did not find org.apache.jasper.servlet.JspServlet
2026-03-31 16:53:06.082 INFO  (main) [] o.e.j.s.h.ContextHandler Started oeje10w.WebAppContext@65ef722a{solr-jetty-context,/solr,b=file:///opt/solr-10.0.0/server/solr-webapp/webapp/,a=AVAILABLE,h=oeje10s.SessionHandler@5fd9b663{STARTED}}{/opt/solr-10.0.0/server/solr-webapp/webapp}
2026-03-31 16:53:06.091 INFO  (main) [] o.a.s.s.CoreContainerProvider Using logger factory org.apache.logging.slf4j.Log4jLoggerFactory
2026-03-31 16:53:06.096 INFO  (main) [] o.a.s.s.CoreContainerProvider  ___      _       Welcome to Apache Solr™ version 10.0.0
2026-03-31 16:53:06.096 INFO  (main) [] o.a.s.s.CoreContainerProvider / __| ___| |_ _   Starting in standalone mode on port 8983
2026-03-31 16:53:06.096 INFO  (main) [] o.a.s.s.CoreContainerProvider \__ \/ _ \ | '_|  Install dir: /opt/solr-10.0.0
2026-03-31 16:53:06.096 INFO  (main) [] o.a.s.s.CoreContainerProvider |___/\___/_|_|    Start time: 2026-03-31T16:53:06.096240284Z
2026-03-31 16:53:06.099 INFO  (main) [] o.a.s.s.CoreContainerProvider Solr started with "-XX:+CrashOnOutOfMemoryError" that will crash on any OutOfMemoryError exception. The cause of the OOME will be logged in the crash file at the following path: /var/solr/logs/jvm_crash_17.log
2026-03-31 16:53:06.208 INFO  (main) [] o.a.l.i.v.PanamaVectorizationProvider Java vector incubator API enabled; uses preferredBitSize=512; FMA enabled
2026-03-31 16:53:06.211 INFO  (main) [] o.a.s.s.CoreContainerProvider Solr Home: /var/solr/data (source: system property: solr.solr.home)
2026-03-31 16:53:06.227 INFO  (main) [] o.a.s.c.SolrXmlConfig solr.xml not found in SOLR_HOME, using built-in default
2026-03-31 16:53:06.227 INFO  (main) [] o.a.s.c.SolrXmlConfig Loading solr.xml from /opt/solr-10.0.0/server/solr/solr.xml
2026-03-31 16:53:06.253 INFO  (main) [] o.a.s.c.SolrResourceLoader Added 1 libs to classloader, from paths: [/opt/solr-10.0.0/lib]
2026-03-31 16:53:06.597 INFO  (main) [] o.a.s.c.OpenTelemetryConfigurator OpenTelemetry tracer enabled with simple propagation only.
2026-03-31 16:53:06.753 INFO  (main) [] o.a.s.m.OtelRuntimeJvmMetrics JVM metrics collection successfully initialized
2026-03-31 16:53:07.128 INFO  (main) [] o.a.s.u.StartupLoggingUtils Jetty request logging enabled. Will retain logs for last 3 days.
2026-03-31 16:53:07.130 WARN  (main) [] o.a.s.c.CoreContainer Not all security plugins configured!  authentication=disabled authorization=disabled.  Solr is only as secure as you make it. Consider configuring authentication/authorization before exposing Solr to users internal or external.  See https://s.apache.org/solrsecurity for more info
2026-03-31 16:53:07.227 INFO  (main) [] o.a.s.c.CorePropertiesLocator Found 1 core definitions underneath /var/solr/data
2026-03-31 16:53:07.227 INFO  (main) [] o.a.s.c.CorePropertiesLocator Cores are: [nomologia]
2026-03-31 16:53:07.262 INFO  (coreLoadExecutor-13-thread-1) [ x:nomologia] o.a.s.c.SolrConfig Using Lucene MatchVersion: 10.3.0
2026-03-31 16:53:07.307 INFO  (coreLoadExecutor-13-thread-1) [ x:nomologia] o.a.s.s.IndexSchema Schema name=default-config
2026-03-31 16:53:07.348 WARN  (main) [] o.g.j.m.i.MessagingBinders A class jakarta.activation.DataSource for a default provider MessageBodyWriter<jakarta.activation.DataSource> was not found. The provider is not available.
2026-03-31 16:53:07.520 INFO  (main) [] o.a.s.j.SolrRequestAuthorizer Creating a new SolrRequestAuthorizer
2026-03-31 16:53:07.581 INFO  (main) [] o.e.j.e.s.ServletContextHandler Started oeje10w.WebAppContext@65ef722a{solr-jetty-context,/solr,b=file:///opt/solr-10.0.0/server/solr-webapp/webapp/,a=AVAILABLE,h=oeje10s.SessionHandler@5fd9b663{STARTED}}{/opt/solr-10.0.0/server/solr-webapp/webapp}
2026-03-31 16:53:07.586 INFO  (main) [] o.e.j.s.RequestLogWriter Opened /var/solr/logs/2026_03_31.request.log
2026-03-31 16:53:07.590 INFO  (main) [] o.e.j.s.AbstractConnector Started ServerConnector@1bb172dd{HTTP/1.1, (http/1.1, h2c)}{0.0.0.0:8983}
2026-03-31 16:53:07.590 INFO  (main) [] o.e.j.s.Server Started oejs.Server@18b0930f{STARTING}[12.0.27,sto=0] @2839ms
2026-03-31 16:53:07.853 INFO  (coreLoadExecutor-13-thread-1) [ x:nomologia] o.a.s.s.IndexSchema Loaded schema default-config/1.7 with uniqueid field id
2026-03-31 16:53:07.853 INFO  (coreLoadExecutor-13-thread-1) [ x:nomologia] o.a.s.c.CoreContainer Creating SolrCore 'nomologia' using configuration from instancedir /var/solr/data/nomologia
2026-03-31 16:53:07.876 INFO  (coreLoadExecutor-13-thread-1) [ x:nomologia] o.a.s.c.SolrCore Opening new SolrCore at [/var/solr/data/nomologia], dataDir=[/var/solr/data/nomologia/data/]
2026-03-31 16:53:08.292 INFO  (coreLoadExecutor-13-thread-1) [ x:nomologia] o.a.s.j.SolrRequestAuthorizer Creating a new SolrRequestAuthorizer
2026-03-31 16:53:08.306 INFO  (coreLoadExecutor-13-thread-1) [ x:nomologia] o.a.s.u.UpdateHandler Using UpdateLog implementation: org.apache.solr.update.UpdateLog
2026-03-31 16:53:08.311 INFO  (coreLoadExecutor-13-thread-1) [ x:nomologia] o.a.s.u.UpdateLog Initializing UpdateLog: dataDir= defaultSyncLevel=FLUSH numRecordsToKeep=100 maxNumLogsToKeep=10
2026-03-31 16:53:08.312 INFO  (coreLoadExecutor-13-thread-1) [ x:nomologia] o.a.s.u.CommitTracker Hard AutoCommit: if uncommitted for 15000ms; 
2026-03-31 16:53:08.312 INFO  (coreLoadExecutor-13-thread-1) [ x:nomologia] o.a.s.u.CommitTracker Soft AutoCommit: if uncommitted for 3000ms; 
2026-03-31 16:53:08.372 INFO  (coreLoadExecutor-13-thread-1) [ x:nomologia] o.a.s.r.ManagedResourceStorage File-based storage initialized to use dir: /var/solr/data/nomologia/conf
2026-03-31 16:53:08.380 INFO  (coreLoadExecutor-13-thread-1) [ x:nomologia] o.a.s.s.DirectSolrSpellChecker init: {accuracy=0.5, maxQueryFrequency=0.01, name=default, field=_text_, classname=solr.DirectSolrSpellChecker, distanceMeasure=internal, maxEdits=2, minPrefix=1, maxInspections=5, minQueryLength=4}
2026-03-31 16:53:08.383 INFO  (coreLoadExecutor-13-thread-1) [ x:nomologia] o.a.s.h.ReplicationHandler Commits will be reserved for 10000 ms
2026-03-31 16:53:08.384 INFO  (searcherExecutor-15-thread-1-processing-nomologia) [ x:nomologia] o.a.s.c.QuerySenderListener QuerySenderListener done.
2026-03-31 16:53:08.384 INFO  (searcherExecutor-15-thread-1-processing-nomologia) [ x:nomologia] o.a.s.h.c.SpellCheckComponent Loading spell index for spellchecker: default
2026-03-31 16:53:08.387 INFO  (searcherExecutor-15-thread-1-processing-nomologia) [ x:nomologia] o.a.s.c.SolrCore Registered new searcher autowarm time: 0 ms
2026-03-31 17:01:05.519 INFO  (qtp69329761-95-null-3) [ t:null-3] o.a.s.s.HttpSolrCall [admin] path=/admin/info/properties params={wt=json&_=1774976459347} status=0 QTime=6
2026-03-31 17:01:05.521 INFO  (qtp69329761-56-null-2) [ t:null-2] o.a.s.s.HttpSolrCall [admin] path=/admin/cores params={indexInfo=false&wt=json&_=1774976459316} status=0 QTime=9
2026-03-31 17:01:05.539 INFO  (qtp69329761-58-null-4) [ t:null-4] o.a.s.s.HttpSolrCall [admin] path=/admin/info/system params={wt=json&_=1774976459316} status=0 QTime=27
2026-03-31 20:17:40.675 INFO  (JettyShutdownThread) [] o.e.j.s.Server Stopped oejs.Server@18b0930f{STOPPING}[12.0.27,sto=0]
2026-03-31 20:17:40.696 INFO  (JettyShutdownThread) [] o.e.j.s.AbstractConnector Stopped ServerConnector@1bb172dd{HTTP/1.1, (http/1.1, h2c)}{0.0.0.0:8983}
2026-03-31 20:17:40.714 INFO  (JettyShutdownThread) [] o.a.s.c.CoreContainer Shutting down CoreContainer instance=498023236
2026-03-31 20:17:40.722 INFO  (coreCloseExecutor-21-thread-1) [ x:nomologia] o.a.s.c.SolrCore CLOSING SolrCore org.apache.solr.core.SolrCore@10539720 nomologia
2026-03-31 20:17:40.750 INFO  (coreCloseExecutor-21-thread-1) [ x:nomologia] o.a.s.u.DirectUpdateHandler2 Committing on IndexWriter.close()  ... SKIPPED (unnecessary).
2026-03-31 20:17:40.804 INFO  (JettyShutdownThread) [] o.e.j.e.s.ServletContextHandler Stopped oeje10w.WebAppContext@65ef722a{solr-jetty-context,/solr,b=null,a=AVAILABLE,h=oeje10s.SessionHandler@5fd9b663{STOPPED}}{/opt/solr-10.0.0/server/solr-webapp/webapp}
